<?xml version="1.0" encoding="UTF-8"?>
<coverage generated="1618916440992" clover="3.2.0">
  <project timestamp="1618916440992" name="All files">
    <metrics statements="51" coveredstatements="46" conditionals="6" coveredconditionals="5" methods="13" coveredmethods="10" elements="70" coveredelements="61" complexity="0" loc="51" ncloc="51" packages="3" files="3" classes="3"/>
    <package name="Testing">
      <metrics statements="11" coveredstatements="9" conditionals="0" coveredconditionals="0" methods="5" coveredmethods="4"/>
      <file name="setup.js" path="G:\web development\tourist_backend\Testing\setup.js">
        <metrics statements="11" coveredstatements="9" conditionals="0" coveredconditionals="0" methods="5" coveredmethods="4"/>
        <line num="1" count="1" type="stmt"/>
        <line num="3" count="1" type="stmt"/>
        <line num="4" count="1" type="stmt"/>
        <line num="9" count="1" type="stmt"/>
        <line num="10" count="1" type="stmt"/>
        <line num="12" count="0" type="stmt"/>
        <line num="13" count="0" type="stmt"/>
        <line num="17" count="1" type="stmt"/>
        <line num="18" count="1" type="stmt"/>
        <line num="19" count="1" type="stmt"/>
        <line num="20" count="1" type="stmt"/>
      </file>
    </package>
    <package name="models">
      <metrics statements="3" coveredstatements="3" conditionals="0" coveredconditionals="0" methods="0" coveredmethods="0"/>
      <file name="registration_models.js" path="G:\web development\tourist_backend\models\registration_models.js">
        <metrics statements="3" coveredstatements="3" conditionals="0" coveredconditionals="0" methods="0" coveredmethods="0"/>
        <line num="1" count="1" type="stmt"/>
        <line num="3" count="1" type="stmt"/>
        <line num="36" count="1" type="stmt"/>
      </file>
    </package>
    <package name="routes">
      <metrics statements="37" coveredstatements="34" conditionals="6" coveredconditionals="5" methods="8" coveredmethods="6"/>
      <file name="registration_routes.js" path="G:\web development\tourist_backend\routes\registration_routes.js">
        <metrics statements="37" coveredstatements="34" conditionals="6" coveredconditionals="5" methods="8" coveredmethods="6"/>
        <line num="1" count="1" type="stmt"/>
        <line num="2" count="1" type="stmt"/>
        <line num="3" count="1" type="stmt"/>
        <line num="4" count="1" type="stmt"/>
        <line num="5" count="1" type="stmt"/>
        <line num="6" count="1" type="stmt"/>
        <line num="8" count="1" type="stmt"/>
        <line num="13" count="2" type="stmt"/>
        <line num="15" count="2" type="stmt"/>
        <line num="17" count="2" type="cond" truecount="2" falsecount="0"/>
        <line num="19" count="1" type="stmt"/>
        <line num="20" count="1" type="stmt"/>
        <line num="21" count="1" type="stmt"/>
        <line num="22" count="1" type="stmt"/>
        <line num="23" count="1" type="stmt"/>
        <line num="24" count="1" type="stmt"/>
        <line num="25" count="1" type="stmt"/>
        <line num="26" count="1" type="stmt"/>
        <line num="27" count="1" type="stmt"/>
        <line num="36" count="1" type="stmt"/>
        <line num="38" count="1" type="stmt"/>
        <line num="41" count="0" type="stmt"/>
        <line num="51" count="1" type="stmt"/>
        <line num="59" count="1" type="stmt"/>
        <line num="61" count="2" type="stmt"/>
        <line num="62" count="2" type="stmt"/>
        <line num="64" count="2" type="stmt"/>
        <line num="67" count="2" type="cond" truecount="1" falsecount="1"/>
        <line num="69" count="0" type="stmt"/>
        <line num="72" count="2" type="stmt"/>
        <line num="73" count="2" type="cond" truecount="2" falsecount="0"/>
        <line num="74" count="1" type="stmt"/>
        <line num="77" count="1" type="stmt"/>
        <line num="78" count="1" type="stmt"/>
        <line num="81" count="1" type="stmt"/>
        <line num="90" count="0" type="stmt"/>
        <line num="106" count="1" type="stmt"/>
      </file>
    </package>
  </project>
</coverage>
