{"G:\\web development\\tourist_backend\\Testing\\setup.js": {"path":"G:\\web development\\tourist_backend\\Testing\\setup.js","statementMap":{"0":{"start":{"line":1,"column":16},"end":{"line":1,"column":35}},"1":{"start":{"line":3,"column":0},"end":{"line":15,"column":2}},"2":{"start":{"line":4,"column":4},"end":{"line":14,"column":6}},"3":{"start":{"line":9,"column":8},"end":{"line":9,"column":37}},"4":{"start":{"line":10,"column":8},"end":{"line":10,"column":15}},"5":{"start":{"line":12,"column":8},"end":{"line":12,"column":27}},"6":{"start":{"line":13,"column":8},"end":{"line":13,"column":24}},"7":{"start":{"line":17,"column":0},"end":{"line":22,"column":2}},"8":{"start":{"line":18,"column":4},"end":{"line":21,"column":7}},"9":{"start":{"line":19,"column":8},"end":{"line":19,"column":41}},"10":{"start":{"line":20,"column":8},"end":{"line":20,"column":15}}},"fnMap":{"0":{"name":"(anonymous_0)","decl":{"start":{"line":3,"column":10},"end":{"line":3,"column":11}},"loc":{"start":{"line":3,"column":20},"end":{"line":15,"column":1}},"line":3},"1":{"name":"(anonymous_1)","decl":{"start":{"line":8,"column":12},"end":{"line":8,"column":13}},"loc":{"start":{"line":8,"column":20},"end":{"line":11,"column":5}},"line":8},"2":{"name":"(anonymous_2)","decl":{"start":{"line":11,"column":13},"end":{"line":11,"column":14}},"loc":{"start":{"line":11,"column":22},"end":{"line":14,"column":5}},"line":11},"3":{"name":"(anonymous_3)","decl":{"start":{"line":17,"column":9},"end":{"line":17,"column":10}},"loc":{"start":{"line":17,"column":19},"end":{"line":22,"column":1}},"line":17},"4":{"name":"(anonymous_4)","decl":{"start":{"line":18,"column":31},"end":{"line":18,"column":32}},"loc":{"start":{"line":18,"column":37},"end":{"line":21,"column":5}},"line":18}},"branchMap":{},"s":{"0":1,"1":1,"2":1,"3":1,"4":1,"5":0,"6":0,"7":1,"8":1,"9":1,"10":1},"f":{"0":1,"1":1,"2":0,"3":1,"4":1},"b":{},"_coverageSchema":"1a1c01bbd47fc00a2c39e90264f33305004495a9","hash":"672a37ebc790223efa886f002fb07d5a6dd54a72"}
,"G:\\web development\\tourist_backend\\models\\registration_models.js": {"path":"G:\\web development\\tourist_backend\\models\\registration_models.js","statementMap":{"0":{"start":{"line":1,"column":17},"end":{"line":1,"column":36}},"1":{"start":{"line":3,"column":21},"end":{"line":33,"column":2}},"2":{"start":{"line":36,"column":0},"end":{"line":36,"column":30}}},"fnMap":{},"branchMap":{},"s":{"0":1,"1":1,"2":1},"f":{},"b":{},"_coverageSchema":"1a1c01bbd47fc00a2c39e90264f33305004495a9","hash":"d4b7fa22f33566cab454607cae8a693e99dd6c00"}
,"G:\\web development\\tourist_backend\\routes\\registration_routes.js": {"path":"G:\\web development\\tourist_backend\\routes\\registration_routes.js","statementMap":{"0":{"start":{"line":1,"column":16},"end":{"line":1,"column":34}},"1":{"start":{"line":2,"column":21},"end":{"line":2,"column":61}},"2":{"start":{"line":3,"column":15},"end":{"line":3,"column":31}},"3":{"start":{"line":4,"column":33},"end":{"line":4,"column":61}},"4":{"start":{"line":5,"column":17},"end":{"line":5,"column":36}},"5":{"start":{"line":6,"column":12},"end":{"line":6,"column":35}},"6":{"start":{"line":8,"column":0},"end":{"line":54,"column":2}},"7":{"start":{"line":13,"column":26},"end":{"line":13,"column":47}},"8":{"start":{"line":15,"column":4},"end":{"line":15,"column":26}},"9":{"start":{"line":17,"column":4},"end":{"line":52,"column":5}},"10":{"start":{"line":19,"column":21},"end":{"line":19,"column":38}},"11":{"start":{"line":20,"column":21},"end":{"line":20,"column":38}},"12":{"start":{"line":21,"column":20},"end":{"line":21,"column":36}},"13":{"start":{"line":22,"column":18},"end":{"line":22,"column":32}},"14":{"start":{"line":23,"column":24},"end":{"line":23,"column":45}},"15":{"start":{"line":24,"column":21},"end":{"line":24,"column":38}},"16":{"start":{"line":25,"column":21},"end":{"line":25,"column":38}},"17":{"start":{"line":26,"column":4},"end":{"line":44,"column":6}},"18":{"start":{"line":27,"column":21},"end":{"line":35,"column":11}},"19":{"start":{"line":36,"column":8},"end":{"line":43,"column":10}},"20":{"start":{"line":38,"column":12},"end":{"line":38,"column":71}},"21":{"start":{"line":41,"column":12},"end":{"line":41,"column":53}},"22":{"start":{"line":51,"column":8},"end":{"line":51,"column":63}},"23":{"start":{"line":59,"column":0},"end":{"line":93,"column":2}},"24":{"start":{"line":61,"column":18},"end":{"line":61,"column":32}},"25":{"start":{"line":62,"column":21},"end":{"line":62,"column":38}},"26":{"start":{"line":64,"column":4},"end":{"line":91,"column":6}},"27":{"start":{"line":67,"column":8},"end":{"line":70,"column":9}},"28":{"start":{"line":69,"column":12},"end":{"line":69,"column":76}},"29":{"start":{"line":72,"column":8},"end":{"line":85,"column":10}},"30":{"start":{"line":73,"column":12},"end":{"line":76,"column":13}},"31":{"start":{"line":74,"column":16},"end":{"line":74,"column":80}},"32":{"start":{"line":77,"column":25},"end":{"line":77,"column":81}},"33":{"start":{"line":78,"column":8},"end":{"line":80,"column":6}},"34":{"start":{"line":81,"column":4},"end":{"line":81,"column":22}},"35":{"start":{"line":90,"column":8},"end":{"line":90,"column":50}},"36":{"start":{"line":106,"column":0},"end":{"line":106,"column":24}}},"fnMap":{"0":{"name":"(anonymous_0)","decl":{"start":{"line":12,"column":3},"end":{"line":12,"column":4}},"loc":{"start":{"line":12,"column":20},"end":{"line":54,"column":1}},"line":12},"1":{"name":"(anonymous_1)","decl":{"start":{"line":26,"column":32},"end":{"line":26,"column":33}},"loc":{"start":{"line":26,"column":55},"end":{"line":44,"column":5}},"line":26},"2":{"name":"(anonymous_2)","decl":{"start":{"line":37,"column":14},"end":{"line":37,"column":15}},"loc":{"start":{"line":37,"column":30},"end":{"line":39,"column":9}},"line":37},"3":{"name":"(anonymous_3)","decl":{"start":{"line":40,"column":15},"end":{"line":40,"column":16}},"loc":{"start":{"line":40,"column":31},"end":{"line":43,"column":9}},"line":40},"4":{"name":"(anonymous_4)","decl":{"start":{"line":59,"column":35},"end":{"line":59,"column":36}},"loc":{"start":{"line":59,"column":52},"end":{"line":93,"column":1}},"line":59},"5":{"name":"(anonymous_5)","decl":{"start":{"line":65,"column":10},"end":{"line":65,"column":11}},"loc":{"start":{"line":65,"column":31},"end":{"line":88,"column":5}},"line":65},"6":{"name":"(anonymous_6)","decl":{"start":{"line":72,"column":57},"end":{"line":72,"column":58}},"loc":{"start":{"line":72,"column":79},"end":{"line":85,"column":9}},"line":72},"7":{"name":"(anonymous_7)","decl":{"start":{"line":89,"column":11},"end":{"line":89,"column":12}},"loc":{"start":{"line":89,"column":22},"end":{"line":91,"column":5}},"line":89}},"branchMap":{"0":{"loc":{"start":{"line":17,"column":4},"end":{"line":52,"column":5}},"type":"if","locations":[{"start":{"line":17,"column":4},"end":{"line":52,"column":5}},{"start":{"line":17,"column":4},"end":{"line":52,"column":5}}],"line":17},"1":{"loc":{"start":{"line":67,"column":8},"end":{"line":70,"column":9}},"type":"if","locations":[{"start":{"line":67,"column":8},"end":{"line":70,"column":9}},{"start":{"line":67,"column":8},"end":{"line":70,"column":9}}],"line":67},"2":{"loc":{"start":{"line":73,"column":12},"end":{"line":76,"column":13}},"type":"if","locations":[{"start":{"line":73,"column":12},"end":{"line":76,"column":13}},{"start":{"line":73,"column":12},"end":{"line":76,"column":13}}],"line":73}},"s":{"0":1,"1":1,"2":1,"3":1,"4":1,"5":1,"6":1,"7":2,"8":2,"9":2,"10":1,"11":1,"12":1,"13":1,"14":1,"15":1,"16":1,"17":1,"18":1,"19":1,"20":1,"21":0,"22":1,"23":1,"24":2,"25":2,"26":2,"27":2,"28":0,"29":2,"30":2,"31":1,"32":1,"33":1,"34":1,"35":0,"36":1},"f":{"0":2,"1":1,"2":1,"3":0,"4":2,"5":2,"6":2,"7":0},"b":{"0":[1,1],"1":[0,2],"2":[1,1]},"_coverageSchema":"1a1c01bbd47fc00a2c39e90264f33305004495a9","hash":"eb9b492eef587a99f5a1ff8ae38afaa5fba70b3d"}
}
