TN:
SF:Testing\setup.js
FN:3,(anonymous_0)
FN:8,(anonymous_1)
FN:11,(anonymous_2)
FN:17,(anonymous_3)
FN:18,(anonymous_4)
FNF:5
FNH:4
FNDA:1,(anonymous_0)
FNDA:1,(anonymous_1)
FNDA:0,(anonymous_2)
FNDA:1,(anonymous_3)
FNDA:1,(anonymous_4)
DA:1,1
DA:3,1
DA:4,1
DA:9,1
DA:10,1
DA:12,0
DA:13,0
DA:17,1
DA:18,1
DA:19,1
DA:20,1
LF:11
LH:9
BRF:0
BRH:0
end_of_record
TN:
SF:models\registration_models.js
FNF:0
FNH:0
DA:1,1
DA:3,1
DA:36,1
LF:3
LH:3
BRF:0
BRH:0
end_of_record
TN:
SF:routes\registration_routes.js
FN:12,(anonymous_0)
FN:26,(anonymous_1)
FN:37,(anonymous_2)
FN:40,(anonymous_3)
FN:59,(anonymous_4)
FN:65,(anonymous_5)
FN:72,(anonymous_6)
FN:89,(anonymous_7)
FNF:8
FNH:6
FNDA:2,(anonymous_0)
FNDA:1,(anonymous_1)
FNDA:1,(anonymous_2)
FNDA:0,(anonymous_3)
FNDA:2,(anonymous_4)
FNDA:2,(anonymous_5)
FNDA:2,(anonymous_6)
FNDA:0,(anonymous_7)
DA:1,1
DA:2,1
DA:3,1
DA:4,1
DA:5,1
DA:6,1
DA:8,1
DA:13,2
DA:15,2
DA:17,2
DA:19,1
DA:20,1
DA:21,1
DA:22,1
DA:23,1
DA:24,1
DA:25,1
DA:26,1
DA:27,1
DA:36,1
DA:38,1
DA:41,0
DA:51,1
DA:59,1
DA:61,2
DA:62,2
DA:64,2
DA:67,2
DA:69,0
DA:72,2
DA:73,2
DA:74,1
DA:77,1
DA:78,1
DA:81,1
DA:90,0
DA:106,1
LF:37
LH:34
BRDA:17,0,0,1
BRDA:17,0,1,1
BRDA:67,1,0,0
BRDA:67,1,1,2
BRDA:73,2,0,1
BRDA:73,2,1,1
BRF:6
BRH:5
end_of_record
